<?xml version="1.0" encoding="utf-8"?><testsuites name="pytest tests"><testsuite name="pytest" errors="0" failures="2" skipped="0" tests="24" time="10.184" timestamp="2026-06-04T20:57:06.840609+00:00" hostname="agent-env-2d9eaf74-5050-40b0-8d15-b3aa696ff8e4"><testcase classname="backend.tests.backend_test" name="test_health" time="0.711" /><testcase classname="backend.tests.backend_test" name="test_register_duplicate_email" time="0.600" /><testcase classname="backend.tests.backend_test" name="test_register_duplicate_username" time="0.376" /><testcase classname="backend.tests.backend_test" name="test_admin_login" time="0.309" /><testcase classname="backend.tests.backend_test" name="test_me_with_bearer" time="0.408"><failure message="AssertionError: assert 'test_a8f94657@lunatick.app' == 'TEST_a8f94657@lunatick.app'&#10;  &#10;  - TEST_a8f94657@lunatick.app&#10;  ? ^^^^&#10;  + test_a8f94657@lunatick.app&#10;  ? ^^^^">backend/tests/backend_test.py:93: in test_me_with_bearer
    assert r.json()["email"] == user_a["creds"]["email"]
E   AssertionError: assert 'test_a8f94657@lunatick.app' == 'TEST_a8f94657@lunatick.app'
E     
E     - TEST_a8f94657@lunatick.app
E     ? ^^^^
E     + test_a8f94657@lunatick.app
E     ? ^^^^</failure></testcase><testcase classname="backend.tests.backend_test" name="test_me_unauthorized" time="0.074" /><testcase classname="backend.tests.backend_test" name="test_logout" time="0.071" /><testcase classname="backend.tests.backend_test" name="test_brute_force_lockout" time="2.358"><failure message="AssertionError: Expected lockout, got 401&#10;assert 401 == 429&#10; +  where 401 = &lt;Response [401]&gt;.status_code">backend/tests/backend_test.py:117: in test_brute_force_lockout
    assert r6.status_code == 429, f"Expected lockout, got {r6.status_code}"
E   AssertionError: Expected lockout, got 401
E   assert 401 == 429
E    +  where 401 = &lt;Response [401]&gt;.status_code</failure></testcase><testcase classname="backend.tests.backend_test" name="test_list_boards" time="0.098" /><testcase classname="backend.tests.backend_test" name="test_post_create_in_general_feed" time="0.082" /><testcase classname="backend.tests.backend_test" name="test_post_create_in_board_and_filter" time="0.152" /><testcase classname="backend.tests.backend_test" name="test_post_create_invalid_board" time="0.076" /><testcase classname="backend.tests.backend_test" name="test_list_posts_descending" time="0.280" /><testcase classname="backend.tests.backend_test" name="test_get_post_invalid_id" time="0.132" /><testcase classname="backend.tests.backend_test" name="test_delete_post_permissions" time="0.591" /><testcase classname="backend.tests.backend_test" name="test_reaction_toggle" time="0.200" /><testcase classname="backend.tests.backend_test" name="test_comments_flow" time="0.381" /><testcase classname="backend.tests.backend_test" name="test_report" time="0.164" /><testcase classname="backend.tests.backend_test" name="test_update_profile_and_uniqueness" time="0.132" /><testcase classname="backend.tests.backend_test" name="test_public_profile_no_email" time="0.059" /><testcase classname="backend.tests.backend_test" name="test_block_and_filter" time="0.331" /><testcase classname="backend.tests.backend_test" name="test_chat_history" time="0.063" /><testcase classname="backend.tests.backend_test" name="test_ws_chat_invalid_token" time="0.099" /><testcase classname="backend.tests.backend_test" name="test_ws_chat_message_flow" time="2.276" /></testsuite></testsuites>