<?xml version="1.0" encoding="utf-8"?><testsuites name="pytest tests"><testsuite name="pytest" errors="0" failures="1" skipped="0" tests="14" time="6.792" timestamp="2026-06-05T06:00:10.761286+00:00" hostname="agent-env-2d9eaf74-5050-40b0-8d15-b3aa696ff8e4"><testcase classname="backend.tests.test_trades" name="test_profile_has_natal_rarity" time="1.218" /><testcase classname="backend.tests.test_trades" name="test_profile_viewer_fields" time="0.571" /><testcase classname="backend.tests.test_trades" name="test_trade_self_rejected" time="0.107" /><testcase classname="backend.tests.test_trades" name="test_trade_create_and_duplicate" time="0.638" /><testcase classname="backend.tests.test_trades" name="test_trade_block_403" time="0.336" /><testcase classname="backend.tests.test_trades" name="test_trade_accept_flow_and_collection_friends" time="1.335" /><testcase classname="backend.tests.test_trades" name="test_trade_decline" time="0.682" /><testcase classname="backend.tests.test_trades" name="test_trade_unauthenticated" time="0.103" /><testcase classname="backend.tests.test_trades" name="test_trades_direction_filter" time="0.228" /><testcase classname="backend.tests.test_trades" name="test_lunar_brief_needs_birthdate" time="0.299" /><testcase classname="backend.tests.test_trades" name="test_lunar_brief_with_natal" time="0.498" /><testcase classname="backend.tests.test_trades" name="test_lunar_brief_unauth" time="0.078" /><testcase classname="backend.tests.test_trades" name="test_rarity_legendary_full_moon_birth" time="0.512"><failure message="AssertionError: {'labels': [], 'score': 0, 'tier': 'Common'}&#10;assert 'Common' in ('Rare', 'Legendary')">backend/tests/test_trades.py:253: in test_rarity_legendary_full_moon_birth
    assert j["rarity"]["tier"] in ("Rare", "Legendary"), j["rarity"]
E   AssertionError: {'labels': [], 'score': 0, 'tier': 'Common'}
E   assert 'Common' in ('Rare', 'Legendary')</failure></testcase><testcase classname="backend.tests.test_trades" name="test_cosmic_card_kind_shows_rarity" time="0.078" /></testsuite></testsuites>